*** Starting uWSGI 2.0.17 (64bit) on [Wed Apr 11 13:12:04 2018] ***
compiled with version: 4.2.1 Compatible Apple LLVM 9.1.0 (clang-902.0.39.1) on 11 April 2018 04:58:52
os: Darwin-17.5.0 Darwin Kernel Version 17.5.0: Mon Mar  5 22:24:32 PST 2018; root:xnu-4570.51.1~1/RELEASE_X86_64
nodename: localhost
machine: x86_64
clock source: unix
pcre jit disabled
detected number of CPU cores: 4
current working directory: /Users/mengzhe/PycharmProjects/untitled1/project_flask_example/bin
detected binary path: /Users/mengzhe/anaconda2/bin/uwsgi
chdir() to /Users/mengzhe/PycharmProjects/untitled1/project_flask_example/app/
your processes number limit is 709
your memory page size is 4096 bytes
detected max file descriptor number: 10240
lock engine: OSX spinlocks
thunder lock: disabled (you can enable it with --thunder-lock)
uWSGI http bound on 0.0.0.0:8888 fd 7
uwsgi socket 0 bound to TCP address 127.0.0.1:61114 (port auto-assigned) fd 6
Python version: 2.7.14 |Anaconda custom (x86_64)| (default, Oct  5 2017, 02:28:52)  [GCC 4.2.1 Compatible Clang 4.0.1 (tags/RELEASE_401/final)]
*** Python threads support is disabled. You can enable it with --enable-threads ***
Python main interpreter initialized at 0x7fab68d00ba0
your server socket listen backlog is limited to 100 connections
your mercy for graceful operations on workers is 60 seconds
mapped 145776 bytes (142 KB) for 1 cores
*** Operational MODE: single process ***
WSGI app 0 (mountpoint='') ready in 1 seconds on interpreter 0x7fab68d00ba0 pid: 29431 (default app)
*** uWSGI is running in multiple interpreter mode ***
spawned uWSGI master process (pid: 29431)
spawned uWSGI worker 1 (pid: 29432, cores: 1)
spawned uWSGI http 1 (pid: 29433)
[pid: 29432|app: 0|req: 1/1] 127.0.0.1 () {36 vars in 585 bytes} [Wed Apr 11 13:12:10 2018] GET / => generated 5 bytes in 6 msecs (HTTP/1.1 200) 2 headers in 78 bytes (1 switches on core 0)
[pid: 29432|app: 0|req: 2/2] 127.0.0.1 () {36 vars in 585 bytes} [Wed Apr 11 13:13:15 2018] GET / => generated 5 bytes in 2 msecs (HTTP/1.1 200) 2 headers in 78 bytes (1 switches on core 0)
